Starting LoginApplication on abhee-PC with PID 8592 (C:\Users\abhee\Desktop\sample_project\login\target\classes started by abhee in C:\Users\abhee\Desktop\sample_project\login)
Running with Spring Boot v2.1.3.RELEASE, Spring v5.1.5.RELEASE
No active profile set, falling back to default profiles: default
Started LoginApplication in 5.264 seconds (JVM running for 6.152)
Info logger inside login method
debug logger inside login method
warn logger inside login method
error logger inside login method
Info logger inside login method
debug logger inside login method
warn logger inside login method
error logger inside login method
Starting LoginApplication on abhee-PC with PID 6536 (C:\Users\abhee\Desktop\sample_project\login\target\classes started by abhee in C:\Users\abhee\Desktop\sample_project\login)
Running with Spring Boot v2.1.3.RELEASE, Spring v5.1.5.RELEASE
No active profile set, falling back to default profiles: default
Started LoginApplication in 5.525 seconds (JVM running for 6.488)
Info logger inside login method
debug logger inside login method
warn logger inside login method
error logger inside login method
Info logger inside login method
debug logger inside login method
warn logger inside login method
error logger inside login method
Info logger inside login method
debug logger inside login method
warn logger inside login method
error logger inside login method
Info logger inside login method
debug logger inside login method
warn logger inside login method
error logger inside login method
Info logger inside login method
debug logger inside login method
warn logger inside login method
error logger inside login method
Starting LoginApplication on abhee-PC with PID 3996 (C:\Users\abhee\Desktop\sample_project\login\target\classes started by abhee in C:\Users\abhee\Desktop\sample_project\login)
Running with Spring Boot v2.1.3.RELEASE, Spring v5.1.5.RELEASE
No active profile set, falling back to default profiles: default
Started LoginApplication in 5.148 seconds (JVM running for 6.067)
Info logger inside login method
debug logger inside login method
warn logger inside login method
error logger inside login method
Info logger inside login method
debug logger inside login method
warn logger inside login method
error logger inside login method
Info logger inside login method
debug logger inside login method
warn logger inside login method
error logger inside login method
Info logger inside login method
debug logger inside login method
warn logger inside login method
error logger inside login method
Starting LoginApplication on abhee-PC with PID 4608 (C:\Users\abhee\Desktop\sample_project\login\target\classes started by abhee in C:\Users\abhee\Desktop\sample_project\login)
Running with Spring Boot v2.1.3.RELEASE, Spring v5.1.5.RELEASE
No active profile set, falling back to default profiles: default
Started LoginApplication in 5.128 seconds (JVM running for 6.426)
Info logger inside login method
debug logger inside login method
warn logger inside login method
error logger inside login method
Info logger inside login method
debug logger inside login method
warn logger inside login method
error logger inside login method
Starting LoginApplication on abhee-PC with PID 5296 (C:\Users\abhee\Desktop\sample_project\login\target\classes started by abhee in C:\Users\abhee\Desktop\sample_project\login)
Running with Spring Boot v2.1.3.RELEASE, Spring v5.1.5.RELEASE
The following profiles are active: test
Starting LoginApplication on abhee-PC with PID 2576 (C:\Users\abhee\Desktop\sample_project\login\target\classes started by abhee in C:\Users\abhee\Desktop\sample_project\login)
Running with Spring Boot v2.1.3.RELEASE, Spring v5.1.5.RELEASE
The following profiles are active: test
Started LoginApplication in 5.271 seconds (JVM running for 6.145)
Info logger inside login method
debug logger inside login method
warn logger inside login method
error logger inside login method
Info logger inside login method
debug logger inside login method
warn logger inside login method
error logger inside login method
Starting LoginApplication on abhee-PC with PID 2924 (C:\Users\abhee\Desktop\sample_project\login\target\classes started by abhee in C:\Users\abhee\Desktop\sample_project\login)
Running with Spring Boot v2.1.3.RELEASE, Spring v5.1.5.RELEASE
The following profiles are active: dev
Started LoginApplication in 5.071 seconds (JVM running for 6.036)
Starting LoginApplication on abhee-PC with PID 4392 (C:\Users\abhee\Desktop\sample_project\login\target\classes started by abhee in C:\Users\abhee\Desktop\sample_project\login)
Running with Spring Boot v2.1.3.RELEASE, Spring v5.1.5.RELEASE
The following profiles are active: dev
Started LoginApplication in 5.195 seconds (JVM running for 6.103)
Info logger inside login method
debug logger inside login method
warn logger inside login method
error logger inside login method
Info logger inside login method
debug logger inside login method
warn logger inside login method
error logger inside login method
Info logger inside login method
debug logger inside login method
warn logger inside login method
error logger inside login method
Info logger inside login method
debug logger inside login method
warn logger inside login method
error logger inside login method
Starting LoginApplication on abhee-PC with PID 7424 (C:\Users\abhee\Desktop\sample_project\login\target\classes started by abhee in C:\Users\abhee\Desktop\sample_project\login)
Running with Spring Boot v2.1.3.RELEASE, Spring v5.1.5.RELEASE
The following profiles are active: dev
Started LoginApplication in 4.655 seconds (JVM running for 5.54)
Info logger inside login method
debug logger inside login method
warn logger inside login method
error logger inside login method
Info logger inside login method
debug logger inside login method
warn logger inside login method
error logger inside login method
Info logger inside login method
debug logger inside login method
warn logger inside login method
error logger inside login method
Info logger inside login method
debug logger inside login method
warn logger inside login method
error logger inside login method
Starting LoginApplication on abhee-PC with PID 2788 (C:\Users\abhee\Desktop\sample_project\login\target\classes started by abhee in C:\Users\abhee\Desktop\sample_project\login)
Running with Spring Boot v2.1.3.RELEASE, Spring v5.1.5.RELEASE
The following profiles are active: dev
Started LoginApplication in 8.1 seconds (JVM running for 9.172)
Starting LoginApplication on abhee-PC with PID 8076 (C:\Users\abhee\Desktop\sample_project\login\target\classes started by abhee in C:\Users\abhee\Desktop\sample_project\login)
Running with Spring Boot v2.1.3.RELEASE, Spring v5.1.5.RELEASE
The following profiles are active: dev
Starting LoginApplication on abhee-PC with PID 1048 (C:\Users\abhee\Desktop\sample_project\login\target\classes started by abhee in C:\Users\abhee\Desktop\sample_project\login)
Running with Spring Boot v2.1.3.RELEASE, Spring v5.1.5.RELEASE
The following profiles are active: dev
Started LoginApplication in 4.662 seconds (JVM running for 5.557)
Info logger inside login method
debug logger inside login method
warn logger inside login method
error logger inside login method
Info logger inside login method
debug logger inside login method
warn logger inside login method
error logger inside login method
Starting LoginApplication on abhee-PC with PID 3628 (C:\Users\abhee\Desktop\sample_project\login\target\classes started by abhee in C:\Users\abhee\Desktop\sample_project\login)
Running with Spring Boot v2.1.3.RELEASE, Spring v5.1.5.RELEASE
The following profiles are active: dev
Started LoginApplication in 4.735 seconds (JVM running for 5.687)
Info logger inside login method
debug logger inside login method
warn logger inside login method
error logger inside login method
Info logger inside login method
debug logger inside login method
warn logger inside login method
error logger inside login method
Info logger inside login method
debug logger inside login method
warn logger inside login method
error logger inside login method
Info logger inside login method
debug logger inside login method
warn logger inside login method
error logger inside login method
Info logger inside login method
debug logger inside login method
warn logger inside login method
error logger inside login method
Starting LoginApplication on abhee-PC with PID 7336 (C:\Users\abhee\Desktop\sample_project\login\target\classes started by abhee in C:\Users\abhee\Desktop\sample_project\login)
Running with Spring Boot v2.1.3.RELEASE, Spring v5.1.5.RELEASE
The following profiles are active: dev
Started LoginApplication in 4.71 seconds (JVM running for 5.633)
Starting LoginApplication on abhee-PC with PID 4952 (C:\Users\abhee\Desktop\sample_project\login\target\classes started by abhee in C:\Users\abhee\Desktop\sample_project\login)
Running with Spring Boot v2.1.3.RELEASE, Spring v5.1.5.RELEASE
The following profiles are active: dev
Starting LoginApplication on abhee-PC with PID 5048 (C:\Users\abhee\Desktop\sample_project\login\target\classes started by abhee in C:\Users\abhee\Desktop\sample_project\login)
Running with Spring Boot v2.1.3.RELEASE, Spring v5.1.5.RELEASE
The following profiles are active: dev
Starting LoginApplication on abhee-PC with PID 7536 (C:\Users\abhee\Desktop\sample_project\login\target\classes started by abhee in C:\Users\abhee\Desktop\sample_project\login)
Running with Spring Boot v2.1.3.RELEASE, Spring v5.1.5.RELEASE
The following profiles are active: dev
Starting LoginApplication on abhee-PC with PID 7344 (C:\Users\abhee\Desktop\sample_project\login\target\classes started by abhee in C:\Users\abhee\Desktop\sample_project\login)
Running with Spring Boot v2.1.3.RELEASE, Spring v5.1.5.RELEASE
The following profiles are active: dev
Starting LoginApplication on abhee-PC with PID 7840 (C:\Users\abhee\Desktop\sample_project\login\target\classes started by abhee in C:\Users\abhee\Desktop\sample_project\login)
Running with Spring Boot v2.1.3.RELEASE, Spring v5.1.5.RELEASE
The following profiles are active: dev
Starting LoginApplication on abhee-PC with PID 2692 (C:\Users\abhee\Desktop\sample_project\login\target\classes started by abhee in C:\Users\abhee\Desktop\sample_project\login)
Running with Spring Boot v2.1.3.RELEASE, Spring v5.1.5.RELEASE
The following profiles are active: dev
Started LoginApplication in 7.674 seconds (JVM running for 8.689)
Starting LoginApplication on abhee-PC with PID 5548 (C:\Users\abhee\Desktop\sample_project\login\target\classes started by abhee in C:\Users\abhee\Desktop\sample_project\login)
Running with Spring Boot v2.1.3.RELEASE, Spring v5.1.5.RELEASE
The following profiles are active: dev
Started LoginApplication in 4.651 seconds (JVM running for 5.543)
Info logger inside login method
debug logger inside login method
warn logger inside login method
error logger inside login method
Info logger inside login method
debug logger inside login method
warn logger inside login method
error logger inside login method
Info logger inside login method
debug logger inside login method
warn logger inside login method
error logger inside login method
Starting LoginApplication on abhee-PC with PID 7148 (C:\Users\abhee\Desktop\sample_project\login\target\classes started by abhee in C:\Users\abhee\Desktop\sample_project\login)
Running with Spring Boot v2.1.3.RELEASE, Spring v5.1.5.RELEASE
The following profiles are active: dev
Started LoginApplication in 4.653 seconds (JVM running for 5.531)
Info logger inside login method
debug logger inside login method
warn logger inside login method
error logger inside login method
Starting LoginApplication on abhee-PC with PID 5624 (C:\Users\abhee\Desktop\sample_project\login\target\classes started by abhee in C:\Users\abhee\Desktop\sample_project\login)
Running with Spring Boot v2.1.3.RELEASE, Spring v5.1.5.RELEASE
The following profiles are active: dev
Started LoginApplication in 4.901 seconds (JVM running for 5.787)
Info logger inside login method
debug logger inside login method
warn logger inside login method
error logger inside login method
Info logger inside login method
debug logger inside login method
warn logger inside login method
error logger inside login method
Info logger inside login method
debug logger inside login method
warn logger inside login method
error logger inside login method
Info logger inside login method
debug logger inside login method
warn logger inside login method
error logger inside login method
Info logger inside login method
debug logger inside login method
warn logger inside login method
error logger inside login method
Info logger inside login method
debug logger inside login method
warn logger inside login method
error logger inside login method
Info logger inside login method
debug logger inside login method
warn logger inside login method
error logger inside login method
Info logger inside login method
debug logger inside login method
warn logger inside login method
error logger inside login method
Info logger inside login method
debug logger inside login method
warn logger inside login method
error logger inside login method
Starting LoginApplication on abhee-PC with PID 4184 (C:\Users\abhee\Desktop\sample_project\login\target\classes started by abhee in C:\Users\abhee\Desktop\sample_project\login)
Running with Spring Boot v2.1.3.RELEASE, Spring v5.1.5.RELEASE
The following profiles are active: dev
Started LoginApplication in 4.636 seconds (JVM running for 5.491)
Info logger inside login method
debug logger inside login method
warn logger inside login method
error logger inside login method
Info logger inside login method
debug logger inside login method
warn logger inside login method
error logger inside login method
Info logger inside login method
debug logger inside login method
warn logger inside login method
error logger inside login method
Starting LoginApplication on abhee-PC with PID 4348 (C:\Users\abhee\Desktop\sample_project\login\target\classes started by abhee in C:\Users\abhee\Desktop\sample_project\login)
Running with Spring Boot v2.1.3.RELEASE, Spring v5.1.5.RELEASE
The following profiles are active: dev
Started LoginApplication in 4.529 seconds (JVM running for 5.4)
Info logger inside login method
debug logger inside login method
warn logger inside login method
error logger inside login method
Info logger inside login method
debug logger inside login method
warn logger inside login method
error logger inside login method
Starting LoginApplication on abhee-PC with PID 5172 (C:\Users\abhee\Desktop\sample_project\login\target\classes started by abhee in C:\Users\abhee\Desktop\sample_project\login)
Running with Spring Boot v2.1.3.RELEASE, Spring v5.1.5.RELEASE
The following profiles are active: dev
Started LoginApplication in 4.638 seconds (JVM running for 5.529)
Info logger inside login method
debug logger inside login method
warn logger inside login method
error logger inside login method
Info logger inside login method
debug logger inside login method
warn logger inside login method
error logger inside login method
Info logger inside login method
debug logger inside login method
warn logger inside login method
error logger inside login method
Info logger inside login method
debug logger inside login method
warn logger inside login method
error logger inside login method
Info logger inside login method
debug logger inside login method
warn logger inside login method
error logger inside login method
Starting LoginApplication on abhee-PC with PID 6440 (C:\Users\abhee\Desktop\sample_project\login\target\classes started by abhee in C:\Users\abhee\Desktop\sample_project\login)
Running with Spring Boot v2.1.3.RELEASE, Spring v5.1.5.RELEASE
The following profiles are active: dev
Started LoginApplication in 4.648 seconds (JVM running for 5.506)
Info logger inside login method
debug logger inside login method
warn logger inside login method
error logger inside login method
Info logger inside login method
debug logger inside login method
warn logger inside login method
error logger inside login method
Info logger inside login method
debug logger inside login method
warn logger inside login method
error logger inside login method
Info logger inside login method
debug logger inside login method
warn logger inside login method
error logger inside login method
Starting LoginApplication on abhee-PC with PID 7368 (C:\Users\abhee\Desktop\sample_project\login\target\classes started by abhee in C:\Users\abhee\Desktop\sample_project\login)
Running with Spring Boot v2.1.3.RELEASE, Spring v5.1.5.RELEASE
The following profiles are active: dev
Started LoginApplication in 4.973 seconds (JVM running for 5.899)
Info logger inside login method
debug logger inside login method
warn logger inside login method
error logger inside login method
Info logger inside login method
debug logger inside login method
warn logger inside login method
error logger inside login method
Info logger inside login method
debug logger inside login method
warn logger inside login method
error logger inside login method
Starting LoginApplication on abhee-PC with PID 6396 (C:\Users\abhee\Desktop\sample_project\login\target\classes started by abhee in C:\Users\abhee\Desktop\sample_project\login)
Running with Spring Boot v2.1.3.RELEASE, Spring v5.1.5.RELEASE
The following profiles are active: dev
Started LoginApplication in 7.226 seconds (JVM running for 10.787)
Info logger inside login method
debug logger inside login method
warn logger inside login method
error logger inside login method
Starting LoginApplication on abhee-PC with PID 3580 (C:\Users\abhee\Desktop\sample_project\login\target\classes started by abhee in C:\Users\abhee\Desktop\sample_project\login)
Running with Spring Boot v2.1.3.RELEASE, Spring v5.1.5.RELEASE
The following profiles are active: dev
Started LoginApplication in 4.511 seconds (JVM running for 5.369)
Starting LoginApplication on abhee-PC with PID 6776 (C:\Users\abhee\Desktop\sample_project\login\target\classes started by abhee in C:\Users\abhee\Desktop\sample_project\login)
Running with Spring Boot v2.1.3.RELEASE, Spring v5.1.5.RELEASE
The following profiles are active: dev
Started LoginApplication in 5.512 seconds (JVM running for 6.621)
Starting LoginApplication on abhee-PC with PID 5844 (C:\Users\abhee\Desktop\sample_project\login\target\classes started by abhee in C:\Users\abhee\Desktop\sample_project\login)
Running with Spring Boot v2.1.3.RELEASE, Spring v5.1.5.RELEASE
The following profiles are active: dev
Started LoginApplication in 5.595 seconds (JVM running for 6.688)
Starting LoginApplication on abhee-PC with PID 6048 (C:\Users\abhee\Desktop\sample_project\login\target\classes started by abhee in C:\Users\abhee\Desktop\sample_project\login)
Running with Spring Boot v2.1.3.RELEASE, Spring v5.1.5.RELEASE
The following profiles are active: dev
Started LoginApplication in 5.602 seconds (JVM running for 6.72)
Starting LoginApplication on abhee-PC with PID 7520 (C:\Users\abhee\Desktop\sample_project\login\target\classes started by abhee in C:\Users\abhee\Desktop\sample_project\login)
Running with Spring Boot v2.1.3.RELEASE, Spring v5.1.5.RELEASE
The following profiles are active: dev
Started LoginApplication in 5.382 seconds (JVM running for 6.471)
Starting LoginApplication on abhee-PC with PID 1076 (C:\Users\abhee\Desktop\sample_project\login\target\classes started by abhee in C:\Users\abhee\Desktop\sample_project\login)
Running with Spring Boot v2.1.3.RELEASE, Spring v5.1.5.RELEASE
The following profiles are active: dev
Started LoginApplication in 5.431 seconds (JVM running for 6.355)
Starting LoginApplication on abhee-PC with PID 5832 (C:\Users\abhee\Desktop\sample_project\login\target\classes started by abhee in C:\Users\abhee\Desktop\sample_project\login)
Running with Spring Boot v2.1.3.RELEASE, Spring v5.1.5.RELEASE
The following profiles are active: dev
Started LoginApplication in 4.76 seconds (JVM running for 5.651)
Starting LoginApplication on abhee-PC with PID 6156 (C:\Users\abhee\Desktop\sample_project\login\target\classes started by abhee in C:\Users\abhee\Desktop\sample_project\login)
Running with Spring Boot v2.1.3.RELEASE, Spring v5.1.5.RELEASE
The following profiles are active: dev
Started LoginApplication in 4.698 seconds (JVM running for 5.589)
Starting LoginApplication on abhee-PC with PID 5680 (C:\Users\abhee\Desktop\sample_project\login\target\classes started by abhee in C:\Users\abhee\Desktop\sample_project\login)
Running with Spring Boot v2.1.3.RELEASE, Spring v5.1.5.RELEASE
The following profiles are active: dev
Started LoginApplication in 5.731 seconds (JVM running for 6.848)
Info logger inside login method
debug logger inside login method
warn logger inside login method
error logger inside login method
Info logger inside login method
debug logger inside login method
warn logger inside login method
error logger inside login method
Starting LoginApplication on abhee-PC with PID 5500 (C:\Users\abhee\Desktop\sample_project\login\target\classes started by abhee in C:\Users\abhee\Desktop\sample_project\login)
Running with Spring Boot v2.1.3.RELEASE, Spring v5.1.5.RELEASE
The following profiles are active: dev
Started LoginApplication in 5.729 seconds (JVM running for 6.826)
Starting LoginApplication on abhee-PC with PID 8188 (C:\Users\abhee\Desktop\sample_project\login\target\classes started by abhee in C:\Users\abhee\Desktop\sample_project\login)
Running with Spring Boot v2.1.3.RELEASE, Spring v5.1.5.RELEASE
The following profiles are active: prod
Started LoginApplication in 6.054 seconds (JVM running for 7.129)
Starting LoginApplication on abhee-PC with PID 3160 (C:\Users\abhee\Desktop\sample_project\login\target\classes started by abhee in C:\Users\abhee\Desktop\sample_project\login)
Running with Spring Boot v2.1.3.RELEASE, Spring v5.1.5.RELEASE
The following profiles are active: dev
Started LoginApplication in 5.682 seconds (JVM running for 6.778)
Info logger inside login method
debug logger inside login method
warn logger inside login method
error logger inside login method
Info logger inside login method
debug logger inside login method
warn logger inside login method
error logger inside login method
Info logger inside login method
debug logger inside login method
warn logger inside login method
error logger inside login method
Starting LoginApplication on abhee-PC with PID 7476 (C:\Users\abhee\Desktop\sample_project\login\target\classes started by abhee in C:\Users\abhee\Desktop\sample_project\login)
Running with Spring Boot v2.1.3.RELEASE, Spring v5.1.5.RELEASE
The following profiles are active: dev
Starting LoginApplication on abhee-PC with PID 5736 (C:\Users\abhee\Desktop\sample_project\login\target\classes started by abhee in C:\Users\abhee\Desktop\sample_project\login)
Running with Spring Boot v2.1.3.RELEASE, Spring v5.1.5.RELEASE
The following profiles are active: dev
Starting LoginApplication on abhee-PC with PID 6336 (C:\Users\abhee\Desktop\sample_project\login\target\classes started by abhee in C:\Users\abhee\Desktop\sample_project\login)
Running with Spring Boot v2.1.3.RELEASE, Spring v5.1.5.RELEASE
The following profiles are active: dev
Started LoginApplication in 5.584 seconds (JVM running for 6.7)
Info logger inside login method
debug logger inside login method
warn logger inside login method
error logger inside login method
Info logger inside login method
debug logger inside login method
warn logger inside login method
error logger inside login method
Info logger inside login method
debug logger inside login method
warn logger inside login method
error logger inside login method
Starting LoginApplication on abhee-PC with PID 6060 (C:\Users\abhee\Desktop\sample_project\login\target\classes started by abhee in C:\Users\abhee\Desktop\sample_project\login)
Running with Spring Boot v2.1.3.RELEASE, Spring v5.1.5.RELEASE
The following profiles are active: dev
Starting LoginApplication on abhee-PC with PID 6288 (C:\Users\abhee\Desktop\sample_project\login\target\classes started by abhee in C:\Users\abhee\Desktop\sample_project\login)
Running with Spring Boot v2.1.3.RELEASE, Spring v5.1.5.RELEASE
The following profiles are active: dev
Started LoginApplication in 5.48 seconds (JVM running for 6.597)
Info logger inside login method
debug logger inside login method
warn logger inside login method
error logger inside login method
Starting LoginApplication on abhee-PC with PID 4300 (C:\Users\abhee\Desktop\sample_project\login\target\classes started by abhee in C:\Users\abhee\Desktop\sample_project\login)
Running with Spring Boot v2.1.3.RELEASE, Spring v5.1.5.RELEASE
The following profiles are active: dev
Started LoginApplication in 5.515 seconds (JVM running for 6.617)
Starting LoginApplication on abhee-PC with PID 3420 (C:\Users\abhee\Desktop\sample_project\login\target\classes started by abhee in C:\Users\abhee\Desktop\sample_project\login)
Running with Spring Boot v2.1.3.RELEASE, Spring v5.1.5.RELEASE
The following profiles are active: prod
Started LoginApplication in 6.188 seconds (JVM running for 7.328)
Info logger inside login method
debug logger inside login method
warn logger inside login method
error logger inside login method
Info logger inside login method
debug logger inside login method
warn logger inside login method
error logger inside login method
Starting LoginApplication on abhee-PC with PID 4120 (C:\Users\abhee\Desktop\sample_project\login\target\classes started by abhee in C:\Users\abhee\Desktop\sample_project\login)
Running with Spring Boot v2.1.3.RELEASE, Spring v5.1.5.RELEASE
The following profiles are active: prod
Started LoginApplication in 6.1 seconds (JVM running for 7.12)
Starting LoginApplicationTests on abhee-PC with PID 7824 (started by abhee in C:\Users\abhee\Desktop\sample_project\login)
Running with Spring Boot v2.1.3.RELEASE, Spring v5.1.5.RELEASE
No active profile set, falling back to default profiles: default
Started LoginApplicationTests in 9.331 seconds (JVM running for 11.278)
Starting LoginApplication on abhee-PC with PID 4152 (C:\Users\abhee\Desktop\sample_project\login\target\classes started by abhee in C:\Users\abhee\Desktop\sample_project\login)
Running with Spring Boot v2.1.3.RELEASE, Spring v5.1.5.RELEASE
The following profiles are active: prod
Started LoginApplication in 5.129 seconds (JVM running for 5.969)
Starting LoginApplication on abhee-PC with PID 7368 (C:\Users\abhee\Desktop\sample_project\login\target\classes started by abhee in C:\Users\abhee\Desktop\sample_project\login)
Running with Spring Boot v2.1.3.RELEASE, Spring v5.1.5.RELEASE
The following profiles are active: prod
Started LoginApplication in 10.281 seconds (JVM running for 11.569)
Starting LoginApplication on abhee-PC with PID 1040 (C:\Users\abhee\Desktop\sample_project\login\target\classes started by abhee in C:\Users\abhee\Desktop\sample_project\login)
Running with Spring Boot v2.1.3.RELEASE, Spring v5.1.5.RELEASE
The following profiles are active: prod
Starting LoginApplication on abhee-PC with PID 4924 (C:\Users\abhee\Desktop\sample_project\login\target\classes started by abhee in C:\Users\abhee\Desktop\sample_project\login)
Running with Spring Boot v2.1.3.RELEASE, Spring v5.1.5.RELEASE
The following profiles are active: prod
Starting LoginApplication on abhee-PC with PID 3272 (C:\Users\abhee\Desktop\sample_project\login\target\classes started by abhee in C:\Users\abhee\Desktop\sample_project\login)
Running with Spring Boot v2.1.3.RELEASE, Spring v5.1.5.RELEASE
The following profiles are active: prod
Started LoginApplication in 9.206 seconds (JVM running for 10.332)
Starting LoginApplication on abhee-PC with PID 6660 (C:\Users\abhee\Desktop\sample_project\login\target\classes started by abhee in C:\Users\abhee\Desktop\sample_project\login)
Running with Spring Boot v2.1.3.RELEASE, Spring v5.1.5.RELEASE
The following profiles are active: prod
Started LoginApplication in 8.747 seconds (JVM running for 9.71)
Starting LoginApplication on abhee-PC with PID 1160 (D:\java_learning\Spring-Project\login\target\classes started by abhee in D:\java_learning\Spring-Project\login)
Running with Spring Boot v2.1.3.RELEASE, Spring v5.1.5.RELEASE
The following profiles are active: prod
Started LoginApplication in 11.622 seconds (JVM running for 13.105)
